d:\programming\company\hardinfo\gethardwareinfocpp\hardwareinfodll\release\hardwareinfodll.pch
d:\programming\company\hardinfo\gethardwareinfocpp\hardwareinfodll\release\vc143.pdb
d:\programming\company\hardinfo\gethardwareinfocpp\hardwareinfodll\release\pch.obj
d:\programming\company\hardinfo\gethardwareinfocpp\hardwareinfodll\release\hardwareinfodll.obj
d:\programming\company\hardinfo\gethardwareinfocpp\hardwareinfodll\release\assemblyinfo.obj
d:\programming\company\hardinfo\gethardwareinfocpp\hardwareinfodll\release\.netframework,version=v4.7.2.assemblyattributes.obj
d:\programming\company\hardinfo\gethardwareinfocpp\testdll\release\librehardwaremonitorlib.dll
d:\programming\company\hardinfo\gethardwareinfocpp\testdll\release\hardwareinfodll.dll
d:\programming\company\hardinfo\gethardwareinfocpp\testdll\release\hardwareinfodll.pdb
d:\programming\company\hardinfo\gethardwareinfocpp\hardwareinfodll\release\app.res
d:\programming\company\hardinfo\gethardwareinfocpp\hardwareinfodll\release\hardwareinfodll.tlog\cl.command.1.tlog
d:\programming\company\hardinfo\gethardwareinfocpp\hardwareinfodll\release\hardwareinfodll.tlog\cl.items.tlog
d:\programming\company\hardinfo\gethardwareinfocpp\hardwareinfodll\release\hardwareinfodll.tlog\cl.read.1.tlog
d:\programming\company\hardinfo\gethardwareinfocpp\hardwareinfodll\release\hardwareinfodll.tlog\cl.write.1.tlog
d:\programming\company\hardinfo\gethardwareinfocpp\hardwareinfodll\release\hardwareinfodll.tlog\copylocal.read.1u.tlog
d:\programming\company\hardinfo\gethardwareinfocpp\hardwareinfodll\release\hardwareinfodll.tlog\copylocal.write.1u.tlog
d:\programming\company\hardinfo\gethardwareinfocpp\hardwareinfodll\release\hardwareinfodll.tlog\link.command.1.tlog
d:\programming\company\hardinfo\gethardwareinfocpp\hardwareinfodll\release\hardwareinfodll.tlog\link.read.1.tlog
d:\programming\company\hardinfo\gethardwareinfocpp\hardwareinfodll\release\hardwareinfodll.tlog\link.secondary.1.tlog
d:\programming\company\hardinfo\gethardwareinfocpp\hardwareinfodll\release\hardwareinfodll.tlog\link.write.1.tlog
d:\programming\company\hardinfo\gethardwareinfocpp\hardwareinfodll\release\hardwareinfodll.tlog\metagen.read.1.tlog
d:\programming\company\hardinfo\gethardwareinfocpp\hardwareinfodll\release\hardwareinfodll.tlog\metagen.write.1.tlog
d:\programming\company\hardinfo\gethardwareinfocpp\hardwareinfodll\release\hardwareinfodll.tlog\rc.command.1.tlog
d:\programming\company\hardinfo\gethardwareinfocpp\hardwareinfodll\release\hardwareinfodll.tlog\rc.read.1.tlog
d:\programming\company\hardinfo\gethardwareinfocpp\hardwareinfodll\release\hardwareinfodll.tlog\rc.write.1.tlog
