d:\programming\company\hardinfo\gethardwareinfocpp\hardwareinfodll\debug\vc143.pdb
d:\programming\company\hardinfo\gethardwareinfocpp\hardwareinfodll\debug\.netframework,version=v4.7.2.assemblyattributes.obj
d:\programming\company\hardinfo\gethardwareinfocpp\hardwareinfodll\debug\hardwareinfodll.pch
d:\programming\company\hardinfo\gethardwareinfocpp\hardwareinfodll\debug\pch.obj
d:\programming\company\hardinfo\gethardwareinfocpp\hardwareinfodll\debug\hardwareinfodll.obj
d:\programming\company\hardinfo\gethardwareinfocpp\hardwareinfodll\debug\assemblyinfo.obj
d:\programming\company\hardinfo\gethardwareinfocpp\testdll\debug\librehardwaremonitorlib.dll
d:\programming\company\hardinfo\gethardwareinfocpp\testdll\debug\hardwareinfodll.dll
d:\programming\company\hardinfo\gethardwareinfocpp\testdll\debug\hardwareinfodll.pdb
d:\programming\company\hardinfo\gethardwareinfocpp\hardwareinfodll\debug\app.res
d:\programming\company\hardinfo\gethardwareinfocpp\hardwareinfodll\debug\hardwareinfodll.tlog\cl.command.1.tlog
d:\programming\company\hardinfo\gethardwareinfocpp\hardwareinfodll\debug\hardwareinfodll.tlog\cl.items.tlog
d:\programming\company\hardinfo\gethardwareinfocpp\hardwareinfodll\debug\hardwareinfodll.tlog\cl.read.1.tlog
d:\programming\company\hardinfo\gethardwareinfocpp\hardwareinfodll\debug\hardwareinfodll.tlog\cl.write.1.tlog
d:\programming\company\hardinfo\gethardwareinfocpp\hardwareinfodll\debug\hardwareinfodll.tlog\copylocal.read.1u.tlog
d:\programming\company\hardinfo\gethardwareinfocpp\hardwareinfodll\debug\hardwareinfodll.tlog\copylocal.write.1u.tlog
d:\programming\company\hardinfo\gethardwareinfocpp\hardwareinfodll\debug\hardwareinfodll.tlog\link.command.1.tlog
d:\programming\company\hardinfo\gethardwareinfocpp\hardwareinfodll\debug\hardwareinfodll.tlog\link.read.1.tlog
d:\programming\company\hardinfo\gethardwareinfocpp\hardwareinfodll\debug\hardwareinfodll.tlog\link.secondary.1.tlog
d:\programming\company\hardinfo\gethardwareinfocpp\hardwareinfodll\debug\hardwareinfodll.tlog\link.write.1.tlog
d:\programming\company\hardinfo\gethardwareinfocpp\hardwareinfodll\debug\hardwareinfodll.tlog\metagen.read.1.tlog
d:\programming\company\hardinfo\gethardwareinfocpp\hardwareinfodll\debug\hardwareinfodll.tlog\metagen.write.1.tlog
d:\programming\company\hardinfo\gethardwareinfocpp\hardwareinfodll\debug\hardwareinfodll.tlog\rc.command.1.tlog
d:\programming\company\hardinfo\gethardwareinfocpp\hardwareinfodll\debug\hardwareinfodll.tlog\rc.read.1.tlog
d:\programming\company\hardinfo\gethardwareinfocpp\hardwareinfodll\debug\hardwareinfodll.tlog\rc.write.1.tlog
